2005.07.19 18:36 B C:\Documents and Settings\All Users\Documents\Websites\techcoast_dev\clients\copsforkids\images\box_01.gif --> www.d3grafx.com /home/d3grafx/www/copsforkids/images box_01.gif
2005.07.19 18:36 B C:\Documents and Settings\All Users\Documents\Websites\techcoast_dev\clients\copsforkids\images\box_02.gif --> www.d3grafx.com /home/d3grafx/www/copsforkids/images box_02.gif
2005.07.19 18:36 B C:\Documents and Settings\All Users\Documents\Websites\techcoast_dev\clients\copsforkids\images\box_03.gif --> www.d3grafx.com /home/d3grafx/www/copsforkids/images box_03.gif
2005.07.19 18:36 B C:\Documents and Settings\All Users\Documents\Websites\techcoast_dev\clients\copsforkids\images\box_04.gif --> www.d3grafx.com /home/d3grafx/www/copsforkids/images box_04.gif
2005.07.19 18:36 B C:\Documents and Settings\All Users\Documents\Websites\techcoast_dev\clients\copsforkids\images\box_05.gif --> www.d3grafx.com /home/d3grafx/www/copsforkids/images box_05.gif
2005.07.19 18:36 B C:\Documents and Settings\All Users\Documents\Websites\techcoast_dev\clients\copsforkids\images\box_06.gif --> www.d3grafx.com /home/d3grafx/www/copsforkids/images box_06.gif
2005.07.19 18:36 B C:\Documents and Settings\All Users\Documents\Websites\techcoast_dev\clients\copsforkids\images\box_07.gif --> www.d3grafx.com /home/d3grafx/www/copsforkids/images box_07.gif
2005.07.19 18:36 B C:\Documents and Settings\All Users\Documents\Websites\techcoast_dev\clients\copsforkids\images\box_08.gif --> www.d3grafx.com /home/d3grafx/www/copsforkids/images box_08.gif
2005.07.19 18:36 B C:\Documents and Settings\All Users\Documents\Websites\techcoast_dev\clients\copsforkids\images\box_09.gif --> www.d3grafx.com /home/d3grafx/www/copsforkids/images box_09.gif
2005.07.19 18:36 B C:\Documents and Settings\All Users\Documents\Websites\techcoast_dev\clients\copsforkids\images\box_10.gif --> www.d3grafx.com /home/d3grafx/www/copsforkids/images box_10.gif
2005.07.19 18:36 B C:\Documents and Settings\All Users\Documents\Websites\techcoast_dev\clients\copsforkids\images\box_11.gif --> www.d3grafx.com /home/d3grafx/www/copsforkids/images box_11.gif
2005.07.19 18:36 B C:\Documents and Settings\All Users\Documents\Websites\techcoast_dev\clients\copsforkids\images\box_12.gif --> www.d3grafx.com /home/d3grafx/www/copsforkids/images box_12.gif
2005.07.19 18:36 B C:\Documents and Settings\All Users\Documents\Websites\techcoast_dev\clients\copsforkids\images\box_13.gif --> www.d3grafx.com /home/d3grafx/www/copsforkids/images box_13.gif
2005.07.19 18:36 B C:\Documents and Settings\All Users\Documents\Websites\techcoast_dev\clients\copsforkids\images\box_14.gif --> www.d3grafx.com /home/d3grafx/www/copsforkids/images box_14.gif
2005.07.19 18:36 B C:\Documents and Settings\All Users\Documents\Websites\techcoast_dev\clients\copsforkids\images\box_15.gif --> www.d3grafx.com /home/d3grafx/www/copsforkids/images box_15.gif
2005.07.19 18:36 B C:\Documents and Settings\All Users\Documents\Websites\techcoast_dev\clients\copsforkids\images\box_16.gif --> www.d3grafx.com /home/d3grafx/www/copsforkids/images box_16.gif
2005.07.19 18:36 B C:\Documents and Settings\All Users\Documents\Websites\techcoast_dev\clients\copsforkids\images\box_17.gif --> www.d3grafx.com /home/d3grafx/www/copsforkids/images box_17.gif
2005.07.19 18:37 B C:\Documents and Settings\All Users\Documents\Websites\techcoast_dev\clients\copsforkids\images\box_18.gif --> www.d3grafx.com /home/d3grafx/www/copsforkids/images box_18.gif
2005.07.19 18:37 B C:\Documents and Settings\All Users\Documents\Websites\techcoast_dev\clients\copsforkids\images\box_19.gif --> www.d3grafx.com /home/d3grafx/www/copsforkids/images box_19.gif
2005.07.19 18:37 B C:\Documents and Settings\All Users\Documents\Websites\techcoast_dev\clients\copsforkids\images\box_20.gif --> www.d3grafx.com /home/d3grafx/www/copsforkids/images box_20.gif
2005.07.19 18:37 B C:\Documents and Settings\All Users\Documents\Websites\techcoast_dev\clients\copsforkids\images\box_21.gif --> www.d3grafx.com /home/d3grafx/www/copsforkids/images box_21.gif
2005.07.19 18:37 B C:\Documents and Settings\All Users\Documents\Websites\techcoast_dev\clients\copsforkids\images\box_22.gif --> www.d3grafx.com /home/d3grafx/www/copsforkids/images box_22.gif
2005.07.19 18:37 B C:\Documents and Settings\All Users\Documents\Websites\techcoast_dev\clients\copsforkids\images\box_23.gif --> www.d3grafx.com /home/d3grafx/www/copsforkids/images box_23.gif
2005.07.19 18:37 B C:\Documents and Settings\All Users\Documents\Websites\techcoast_dev\clients\copsforkids\images\box_24.gif --> www.d3grafx.com /home/d3grafx/www/copsforkids/images box_24.gif
2005.07.19 18:37 B C:\Documents and Settings\All Users\Documents\Websites\techcoast_dev\clients\copsforkids\images\box_25.gif --> www.d3grafx.com /home/d3grafx/www/copsforkids/images box_25.gif
2005.07.19 18:37 B C:\Documents and Settings\All Users\Documents\Websites\techcoast_dev\clients\copsforkids\images\box_26.gif --> www.d3grafx.com /home/d3grafx/www/copsforkids/images box_26.gif
2005.07.19 18:37 B C:\Documents and Settings\All Users\Documents\Websites\techcoast_dev\clients\copsforkids\images\box_27.gif --> www.d3grafx.com /home/d3grafx/www/copsforkids/images box_27.gif
2005.07.19 18:37 B C:\Documents and Settings\All Users\Documents\Websites\techcoast_dev\clients\copsforkids\images\box_28.gif --> www.d3grafx.com /home/d3grafx/www/copsforkids/images box_28.gif
2005.07.19 18:37 B C:\Documents and Settings\All Users\Documents\Websites\techcoast_dev\clients\copsforkids\images\box_29.gif --> www.d3grafx.com /home/d3grafx/www/copsforkids/images box_29.gif
2005.07.19 18:37 B C:\Documents and Settings\All Users\Documents\Websites\techcoast_dev\clients\copsforkids\images\cophug.gif --> www.d3grafx.com /home/d3grafx/www/copsforkids/images cophug.gif
2005.07.19 18:37 B C:\Documents and Settings\All Users\Documents\Websites\techcoast_dev\clients\copsforkids\images\copsforkidslogo_sm.gif --> www.d3grafx.com /home/d3grafx/www/copsforkids/images copsforkidslogo_sm.gif
2005.07.19 18:37 B C:\Documents and Settings\All Users\Documents\Websites\techcoast_dev\clients\copsforkids\images\doyle_sm.gif --> www.d3grafx.com /home/d3grafx/www/copsforkids/images doyle_sm.gif
2005.07.19 18:37 B C:\Documents and Settings\All Users\Documents\Websites\techcoast_dev\clients\copsforkids\images\girlbear.gif --> www.d3grafx.com /home/d3grafx/www/copsforkids/images girlbear.gif
2005.07.19 18:37 B C:\Documents and Settings\All Users\Documents\Websites\techcoast_dev\clients\copsforkids\images\home_01.gif --> www.d3grafx.com /home/d3grafx/www/copsforkids/images home_01.gif
2005.07.19 18:37 B C:\Documents and Settings\All Users\Documents\Websites\techcoast_dev\clients\copsforkids\images\home_02.gif --> www.d3grafx.com /home/d3grafx/www/copsforkids/images home_02.gif
2005.07.19 18:37 B C:\Documents and Settings\All Users\Documents\Websites\techcoast_dev\clients\copsforkids\images\home_03.gif --> www.d3grafx.com /home/d3grafx/www/copsforkids/images home_03.gif
2005.07.19 18:37 B C:\Documents and Settings\All Users\Documents\Websites\techcoast_dev\clients\copsforkids\images\home_04.gif --> www.d3grafx.com /home/d3grafx/www/copsforkids/images home_04.gif
2005.07.19 18:37 B C:\Documents and Settings\All Users\Documents\Websites\techcoast_dev\clients\copsforkids\images\home_05.gif --> www.d3grafx.com /home/d3grafx/www/copsforkids/images home_05.gif
2005.07.19 18:37 B C:\Documents and Settings\All Users\Documents\Websites\techcoast_dev\clients\copsforkids\images\home_06.gif --> www.d3grafx.com /home/d3grafx/www/copsforkids/images home_06.gif
2005.07.19 18:37 B C:\Documents and Settings\All Users\Documents\Websites\techcoast_dev\clients\copsforkids\images\home_07.gif --> www.d3grafx.com /home/d3grafx/www/copsforkids/images home_07.gif
2005.07.19 18:37 B C:\Documents and Settings\All Users\Documents\Websites\techcoast_dev\clients\copsforkids\images\home_08.gif --> www.d3grafx.com /home/d3grafx/www/copsforkids/images home_08.gif
2005.07.19 18:37 B C:\Documents and Settings\All Users\Documents\Websites\techcoast_dev\clients\copsforkids\images\home_09.gif --> www.d3grafx.com /home/d3grafx/www/copsforkids/images home_09.gif
2005.07.19 18:37 B C:\Documents and Settings\All Users\Documents\Websites\techcoast_dev\clients\copsforkids\images\home_10.gif --> www.d3grafx.com /home/d3grafx/www/copsforkids/images home_10.gif
2005.07.19 18:37 B C:\Documents and Settings\All Users\Documents\Websites\techcoast_dev\clients\copsforkids\images\home_11.gif --> www.d3grafx.com /home/d3grafx/www/copsforkids/images home_11.gif
2005.07.19 18:37 B C:\Documents and Settings\All Users\Documents\Websites\techcoast_dev\clients\copsforkids\images\home_12.gif --> www.d3grafx.com /home/d3grafx/www/copsforkids/images home_12.gif
2005.07.19 18:37 B C:\Documents and Settings\All Users\Documents\Websites\techcoast_dev\clients\copsforkids\images\home_13.gif --> www.d3grafx.com /home/d3grafx/www/copsforkids/images home_13.gif
2005.07.19 18:37 B C:\Documents and Settings\All Users\Documents\Websites\techcoast_dev\clients\copsforkids\images\home_14.gif --> www.d3grafx.com /home/d3grafx/www/copsforkids/images home_14.gif
2005.07.19 18:37 B C:\Documents and Settings\All Users\Documents\Websites\techcoast_dev\clients\copsforkids\images\home_15.gif --> www.d3grafx.com /home/d3grafx/www/copsforkids/images home_15.gif
2005.07.19 18:37 B C:\Documents and Settings\All Users\Documents\Websites\techcoast_dev\clients\copsforkids\images\home_16.gif --> www.d3grafx.com /home/d3grafx/www/copsforkids/images home_16.gif
2005.07.19 18:37 B C:\Documents and Settings\All Users\Documents\Websites\techcoast_dev\clients\copsforkids\images\home_17.gif --> www.d3grafx.com /home/d3grafx/www/copsforkids/images home_17.gif
2005.07.19 18:37 B C:\Documents and Settings\All Users\Documents\Websites\techcoast_dev\clients\copsforkids\images\home_18.gif --> www.d3grafx.com /home/d3grafx/www/copsforkids/images home_18.gif
2005.07.19 18:37 B C:\Documents and Settings\All Users\Documents\Websites\techcoast_dev\clients\copsforkids\images\home_19.gif --> www.d3grafx.com /home/d3grafx/www/copsforkids/images home_19.gif
2005.07.19 18:37 B C:\Documents and Settings\All Users\Documents\Websites\techcoast_dev\clients\copsforkids\images\home_20.gif --> www.d3grafx.com /home/d3grafx/www/copsforkids/images home_20.gif
2005.07.19 18:37 B C:\Documents and Settings\All Users\Documents\Websites\techcoast_dev\clients\copsforkids\images\home_21.gif --> www.d3grafx.com /home/d3grafx/www/copsforkids/images home_21.gif
2005.07.19 18:37 B C:\Documents and Settings\All Users\Documents\Websites\techcoast_dev\clients\copsforkids\images\home_22.gif --> www.d3grafx.com /home/d3grafx/www/copsforkids/images home_22.gif
2005.07.19 18:37 B C:\Documents and Settings\All Users\Documents\Websites\techcoast_dev\clients\copsforkids\images\home_23.gif --> www.d3grafx.com /home/d3grafx/www/copsforkids/images home_23.gif
2005.07.19 18:37 B C:\Documents and Settings\All Users\Documents\Websites\techcoast_dev\clients\copsforkids\images\home_24.gif --> www.d3grafx.com /home/d3grafx/www/copsforkids/images home_24.gif
2005.07.19 18:37 B C:\Documents and Settings\All Users\Documents\Websites\techcoast_dev\clients\copsforkids\images\home_25.gif --> www.d3grafx.com /home/d3grafx/www/copsforkids/images home_25.gif
2005.07.19 18:37 B C:\Documents and Settings\All Users\Documents\Websites\techcoast_dev\clients\copsforkids\images\home_26.gif --> www.d3grafx.com /home/d3grafx/www/copsforkids/images home_26.gif
2005.07.19 18:37 B C:\Documents and Settings\All Users\Documents\Websites\techcoast_dev\clients\copsforkids\images\home_27.gif --> www.d3grafx.com /home/d3grafx/www/copsforkids/images home_27.gif
2005.07.19 18:37 B C:\Documents and Settings\All Users\Documents\Websites\techcoast_dev\clients\copsforkids\images\home_28.gif --> www.d3grafx.com /home/d3grafx/www/copsforkids/images home_28.gif
2005.07.19 18:37 B C:\Documents and Settings\All Users\Documents\Websites\techcoast_dev\clients\copsforkids\images\home_29.gif --> www.d3grafx.com /home/d3grafx/www/copsforkids/images home_29.gif
2005.07.19 18:37 B C:\Documents and Settings\All Users\Documents\Websites\techcoast_dev\clients\copsforkids\images\home_30.gif --> www.d3grafx.com /home/d3grafx/www/copsforkids/images home_30.gif
2005.07.19 18:37 B C:\Documents and Settings\All Users\Documents\Websites\techcoast_dev\clients\copsforkids\images\home_31.gif --> www.d3grafx.com /home/d3grafx/www/copsforkids/images home_31.gif
2005.07.19 18:37 B C:\Documents and Settings\All Users\Documents\Websites\techcoast_dev\clients\copsforkids\images\home_32.gif --> www.d3grafx.com /home/d3grafx/www/copsforkids/images home_32.gif
2005.07.19 18:37 B C:\Documents and Settings\All Users\Documents\Websites\techcoast_dev\clients\copsforkids\images\home_33.gif --> www.d3grafx.com /home/d3grafx/www/copsforkids/images home_33.gif
2005.07.19 18:37 B C:\Documents and Settings\All Users\Documents\Websites\techcoast_dev\clients\copsforkids\images\home_34.gif --> www.d3grafx.com /home/d3grafx/www/copsforkids/images home_34.gif
2005.07.19 18:37 B C:\Documents and Settings\All Users\Documents\Websites\techcoast_dev\clients\copsforkids\images\home_35.gif --> www.d3grafx.com /home/d3grafx/www/copsforkids/images home_35.gif
2005.07.19 18:37 B C:\Documents and Settings\All Users\Documents\Websites\techcoast_dev\clients\copsforkids\images\home_36.gif --> www.d3grafx.com /home/d3grafx/www/copsforkids/images home_36.gif
2005.07.19 18:37 B C:\Documents and Settings\All Users\Documents\Websites\techcoast_dev\clients\copsforkids\images\home_37.gif --> www.d3grafx.com /home/d3grafx/www/copsforkids/images home_37.gif
2005.07.19 18:37 B C:\Documents and Settings\All Users\Documents\Websites\techcoast_dev\clients\copsforkids\images\home_38.gif --> www.d3grafx.com /home/d3grafx/www/copsforkids/images home_38.gif
2005.07.19 18:37 B C:\Documents and Settings\All Users\Documents\Websites\techcoast_dev\clients\copsforkids\images\home_39.gif --> www.d3grafx.com /home/d3grafx/www/copsforkids/images home_39.gif
2005.07.19 18:37 B C:\Documents and Settings\All Users\Documents\Websites\techcoast_dev\clients\copsforkids\images\home_40.gif --> www.d3grafx.com /home/d3grafx/www/copsforkids/images home_40.gif
2005.07.19 18:37 B C:\Documents and Settings\All Users\Documents\Websites\techcoast_dev\clients\copsforkids\images\home_41.gif --> www.d3grafx.com /home/d3grafx/www/copsforkids/images home_41.gif
2005.07.19 18:37 B C:\Documents and Settings\All Users\Documents\Websites\techcoast_dev\clients\copsforkids\images\home_42.gif --> www.d3grafx.com /home/d3grafx/www/copsforkids/images home_42.gif
2005.07.19 18:37 B C:\Documents and Settings\All Users\Documents\Websites\techcoast_dev\clients\copsforkids\images\home_43.gif --> www.d3grafx.com /home/d3grafx/www/copsforkids/images home_43.gif
2005.07.19 18:37 B C:\Documents and Settings\All Users\Documents\Websites\techcoast_dev\clients\copsforkids\images\home_44.gif --> www.d3grafx.com /home/d3grafx/www/copsforkids/images home_44.gif
2005.07.19 18:37 B C:\Documents and Settings\All Users\Documents\Websites\techcoast_dev\clients\copsforkids\images\home_45.gif --> www.d3grafx.com /home/d3grafx/www/copsforkids/images home_45.gif
2005.07.19 18:37 B C:\Documents and Settings\All Users\Documents\Websites\techcoast_dev\clients\copsforkids\images\home_46.gif --> www.d3grafx.com /home/d3grafx/www/copsforkids/images home_46.gif
2005.07.19 18:37 B C:\Documents and Settings\All Users\Documents\Websites\techcoast_dev\clients\copsforkids\images\home_47.gif --> www.d3grafx.com /home/d3grafx/www/copsforkids/images home_47.gif
2005.07.19 18:37 B C:\Documents and Settings\All Users\Documents\Websites\techcoast_dev\clients\copsforkids\images\home_48.gif --> www.d3grafx.com /home/d3grafx/www/copsforkids/images home_48.gif
2005.07.19 18:37 B C:\Documents and Settings\All Users\Documents\Websites\techcoast_dev\clients\copsforkids\images\home_49.gif --> www.d3grafx.com /home/d3grafx/www/copsforkids/images home_49.gif
2005.07.19 18:37 B C:\Documents and Settings\All Users\Documents\Websites\techcoast_dev\clients\copsforkids\images\home_50.gif --> www.d3grafx.com /home/d3grafx/www/copsforkids/images home_50.gif
2005.07.19 18:37 B C:\Documents and Settings\All Users\Documents\Websites\techcoast_dev\clients\copsforkids\images\home_51.gif --> www.d3grafx.com /home/d3grafx/www/copsforkids/images home_51.gif
2005.07.19 18:37 B C:\Documents and Settings\All Users\Documents\Websites\techcoast_dev\clients\copsforkids\images\home_52.gif --> www.d3grafx.com /home/d3grafx/www/copsforkids/images home_52.gif
2005.07.19 18:37 B C:\Documents and Settings\All Users\Documents\Websites\techcoast_dev\clients\copsforkids\images\home_53.gif --> www.d3grafx.com /home/d3grafx/www/copsforkids/images home_53.gif
2005.07.19 18:37 B C:\Documents and Settings\All Users\Documents\Websites\techcoast_dev\clients\copsforkids\images\home_54.gif --> www.d3grafx.com /home/d3grafx/www/copsforkids/images home_54.gif
2005.07.19 18:37 B C:\Documents and Settings\All Users\Documents\Websites\techcoast_dev\clients\copsforkids\images\home_55.gif --> www.d3grafx.com /home/d3grafx/www/copsforkids/images home_55.gif
2005.07.19 18:37 B C:\Documents and Settings\All Users\Documents\Websites\techcoast_dev\clients\copsforkids\images\home_56.gif --> www.d3grafx.com /home/d3grafx/www/copsforkids/images home_56.gif
2005.07.19 18:37 B C:\Documents and Settings\All Users\Documents\Websites\techcoast_dev\clients\copsforkids\images\home_57.gif --> www.d3grafx.com /home/d3grafx/www/copsforkids/images home_57.gif
2005.07.19 18:37 B C:\Documents and Settings\All Users\Documents\Websites\techcoast_dev\clients\copsforkids\images\home_58.gif --> www.d3grafx.com /home/d3grafx/www/copsforkids/images home_58.gif
2005.07.19 18:37 B C:\Documents and Settings\All Users\Documents\Websites\techcoast_dev\clients\copsforkids\images\home_59.gif --> www.d3grafx.com /home/d3grafx/www/copsforkids/images home_59.gif
2005.07.19 18:37 B C:\Documents and Settings\All Users\Documents\Websites\techcoast_dev\clients\copsforkids\images\home_60.gif --> www.d3grafx.com /home/d3grafx/www/copsforkids/images home_60.gif
2005.07.19 18:37 B C:\Documents and Settings\All Users\Documents\Websites\techcoast_dev\clients\copsforkids\images\home_61.gif --> www.d3grafx.com /home/d3grafx/www/copsforkids/images home_61.gif
2005.07.19 18:37 B C:\Documents and Settings\All Users\Documents\Websites\techcoast_dev\clients\copsforkids\images\home_62.gif --> www.d3grafx.com /home/d3grafx/www/copsforkids/images home_62.gif
2005.07.19 18:37 B C:\Documents and Settings\All Users\Documents\Websites\techcoast_dev\clients\copsforkids\images\home_63.gif --> www.d3grafx.com /home/d3grafx/www/copsforkids/images home_63.gif
2005.07.19 18:37 B C:\Documents and Settings\All Users\Documents\Websites\techcoast_dev\clients\copsforkids\images\home_64.gif --> www.d3grafx.com /home/d3grafx/www/copsforkids/images home_64.gif
2005.07.19 18:37 B C:\Documents and Settings\All Users\Documents\Websites\techcoast_dev\clients\copsforkids\images\home_65.gif --> www.d3grafx.com /home/d3grafx/www/copsforkids/images home_65.gif
2005.07.19 18:37 B C:\Documents and Settings\All Users\Documents\Websites\techcoast_dev\clients\copsforkids\images\home_66.gif --> www.d3grafx.com /home/d3grafx/www/copsforkids/images home_66.gif
2005.07.19 18:38 B C:\Documents and Settings\All Users\Documents\Websites\techcoast_dev\clients\copsforkids\images\home_67.gif --> www.d3grafx.com /home/d3grafx/www/copsforkids/images home_67.gif
2005.07.19 18:38 B C:\Documents and Settings\All Users\Documents\Websites\techcoast_dev\clients\copsforkids\images\home_68.gif --> www.d3grafx.com /home/d3grafx/www/copsforkids/images home_68.gif
2005.07.19 18:38 B C:\Documents and Settings\All Users\Documents\Websites\techcoast_dev\clients\copsforkids\images\home_69.gif --> www.d3grafx.com /home/d3grafx/www/copsforkids/images home_69.gif
2005.07.19 18:38 B C:\Documents and Settings\All Users\Documents\Websites\techcoast_dev\clients\copsforkids\images\home_70.gif --> www.d3grafx.com /home/d3grafx/www/copsforkids/images home_70.gif
2005.07.19 18:38 B C:\Documents and Settings\All Users\Documents\Websites\techcoast_dev\clients\copsforkids\images\home_71.gif --> www.d3grafx.com /home/d3grafx/www/copsforkids/images home_71.gif
2005.07.19 18:38 B C:\Documents and Settings\All Users\Documents\Websites\techcoast_dev\clients\copsforkids\images\home_72.gif --> www.d3grafx.com /home/d3grafx/www/copsforkids/images home_72.gif
2005.07.19 18:38 B C:\Documents and Settings\All Users\Documents\Websites\techcoast_dev\clients\copsforkids\images\home_73.gif --> www.d3grafx.com /home/d3grafx/www/copsforkids/images home_73.gif
2005.07.19 18:38 B C:\Documents and Settings\All Users\Documents\Websites\techcoast_dev\clients\copsforkids\images\home_74.gif --> www.d3grafx.com /home/d3grafx/www/copsforkids/images home_74.gif
2005.07.19 18:38 B C:\Documents and Settings\All Users\Documents\Websites\techcoast_dev\clients\copsforkids\images\home_75.gif --> www.d3grafx.com /home/d3grafx/www/copsforkids/images home_75.gif
2005.07.19 18:38 B C:\Documents and Settings\All Users\Documents\Websites\techcoast_dev\clients\copsforkids\images\home_76.gif --> www.d3grafx.com /home/d3grafx/www/copsforkids/images home_76.gif
2005.07.19 18:38 B C:\Documents and Settings\All Users\Documents\Websites\techcoast_dev\clients\copsforkids\images\home_77.gif --> www.d3grafx.com /home/d3grafx/www/copsforkids/images home_77.gif
2005.07.19 18:38 B C:\Documents and Settings\All Users\Documents\Websites\techcoast_dev\clients\copsforkids\images\home_78.gif --> www.d3grafx.com /home/d3grafx/www/copsforkids/images home_78.gif
2005.07.19 18:38 B C:\Documents and Settings\All Users\Documents\Websites\techcoast_dev\clients\copsforkids\images\home_79.gif --> www.d3grafx.com /home/d3grafx/www/copsforkids/images home_79.gif
2005.07.19 18:38 B C:\Documents and Settings\All Users\Documents\Websites\techcoast_dev\clients\copsforkids\images\home_80.gif --> www.d3grafx.com /home/d3grafx/www/copsforkids/images home_80.gif
2005.07.19 18:38 B C:\Documents and Settings\All Users\Documents\Websites\techcoast_dev\clients\copsforkids\images\spacer.gif --> www.d3grafx.com /home/d3grafx/www/copsforkids/images spacer.gif
2005.07.19 18:38 B C:\Documents and Settings\All Users\Documents\Websites\techcoast_dev\clients\copsforkids\images\Thumbs.db --> www.d3grafx.com /home/d3grafx/www/copsforkids/images Thumbs.db
2005.08.01 11:27 B \\Backupsrv1\D\Website_Dev\d3webhosting_dev\clients\copsforkids\images\cfkdisc.gif --> www.d3grafx.com /home/d3grafx/www/copsforkids/images cfkdisc.gif
